<?xml version="1.0" encoding="UTF-8"?>
<!-- Generated by org.testng.reporters.JUnitXMLReporter -->
<testsuite ignored="0" hostname="DESKTOP-C83HSKL" failures="1" tests="1" name="Test" time="24.077" errors="0" timestamp="2024-05-17T16:09:26 IST">
  <testcase classname="Clothing.ClothingWebsite.ErrorValidationsForSite" name="Loginwrong" time="11.397">
    <failure type="java.lang.AssertionError" message="expected [Your email or password is incorrect!] but found [Incorrect email or password]">
      <![CDATA[java.lang.AssertionError: expected [Your email or password is incorrect!] but found [Incorrect email or password]
at Clothing.ClothingWebsite.ErrorValidationsForSite.Loginwrong(ErrorValidationsForSite.java:18)
at java.base/java.util.ArrayList.forEach(ArrayList.java:1597)
... Removed 35 stack frames]]>
    </failure>
  </testcase> <!-- Loginwrong -->
</testsuite> <!-- Test -->
